<?xml version="1.0" encoding="UTF-8" ?>
<testsuite failures="0" time="0" errors="0" skipped="0" tests="0" name="net.taobao.test.HsfUnitTest">
  <properties>
    <property name="java.runtime.name" value="Java(TM) SE Runtime Environment"/>
    <property name="sun.boot.library.path" value="C:\Program Files\Java\jdk1.6.0_45\jre\bin"/>
    <property name="java.vm.version" value="20.45-b01"/>
    <property name="java.vm.vendor" value="Sun Microsystems Inc."/>
    <property name="java.vendor.url" value="http://java.sun.com/"/>
    <property name="path.separator" value=";"/>
    <property name="java.vm.name" value="Java HotSpot(TM) 64-Bit Server VM"/>
    <property name="file.encoding.pkg" value="sun.io"/>
    <property name="user.country" value="CN"/>
    <property name="sun.java.launcher" value="SUN_STANDARD"/>
    <property name="sun.os.patch.level" value="Service Pack 1"/>
    <property name="java.vm.specification.name" value="Java Virtual Machine Specification"/>
    <property name="user.dir" value="D:\projectes\mywebx\webxtest"/>
    <property name="java.runtime.version" value="1.6.0_45-b06"/>
    <property name="java.awt.graphicsenv" value="sun.awt.Win32GraphicsEnvironment"/>
    <property name="basedir" value="D:\projectes\mywebx\webxtest"/>
    <property name="java.endorsed.dirs" value="C:\Program Files\Java\jdk1.6.0_45\jre\lib\endorsed"/>
    <property name="os.arch" value="amd64"/>
    <property name="surefire.real.class.path" value="C:\Users\WB-YAN~1\AppData\Local\Temp\surefirebooter7410675272978777061.jar"/>
    <property name="java.io.tmpdir" value="C:\Users\WB-YAN~1\AppData\Local\Temp\"/>
    <property name="line.separator" value="
"/>
    <property name="java.vm.specification.vendor" value="Sun Microsystems Inc."/>
    <property name="user.variant" value=""/>
    <property name="os.name" value="Windows 7"/>
    <property name="sun.jnu.encoding" value="GBK"/>
    <property name="java.library.path" value="C:\Program Files\Java\jdk1.6.0_45\jre\bin;C:\Windows\Sun\Java\bin;C:\Windows\system32;C:\Windows;%MAVEN_HOME%\bin;C:\Program Files\Java\jdk1.6.0_45/bin;C:\Program Files\Java\jdk1.6.0_45/jre/bin;C:\Windows\system32;C:\Windows;C:\Windows\System32\Wbem;C:\Windows\System32\WindowsPowerShell\v1.0\;C:\Program Files\TortoiseSVN\bin;D:\soft\apache-maven-2.2.1\bin;."/>
    <property name="surefire.test.class.path" value="D:\projectes\mywebx\webxtest\target\test-classes;D:\projectes\mywebx\webxtest\target\classes;D:\repository\junit\junit\3.8.1\junit-3.8.1.jar;D:\repository\jetty\jetty\6.0.2\jetty-6.0.2.jar;D:\repository\jetty\jetty-util\6.0.2\jetty-util-6.0.2.jar;D:\repository\jetty\servlet-api\2.5-6.0.2\servlet-api-2.5-6.0.2.jar;D:\repository\com\alibaba\toolkit\toolkit-common-property\1.0\toolkit-common-property-1.0.jar;D:\repository\com\alibaba\toolkit\toolkit-common-regexp\1.0\toolkit-common-regexp-1.0.jar;D:\repository\com\alibaba\toolkit\toolkit-common-resourcebundle\1.0\toolkit-common-resourcebundle-1.0.jar;D:\repository\com\alibaba\toolkit\toolkit-service-dsa\1.0\toolkit-service-dsa-1.0.jar;D:\repository\com\alibaba\toolkit\toolkit-service-factory\1.0\toolkit-service-factory-1.0.jar;D:\repository\com\alibaba\toolkit\toolkit-service-localization\1.0\toolkit-service-localization-1.0.jar;D:\repository\com\alibaba\toolkit\toolkit-service-mail\1.0\toolkit-service-mail-1.0.jar;D:\repository\com\alibaba\toolkit\toolkit-service-mimetype\1.0\toolkit-service-mimetype-1.0.jar;D:\repository\com\alibaba\toolkit\toolkit-webx-turbine-tld\2.0\toolkit-webx-turbine-tld-2.0.jar;D:\repository\com\alibaba\toolkit\toolkit-common-lang\1.0\toolkit-common-lang-1.0.jar;D:\repository\com\alibaba\toolkit\toolkit-common-logging\1.0\toolkit-common-logging-1.0.jar;D:\repository\com\alibaba\toolkit\toolkit-common-configuration\1.0\toolkit-common-configuration-1.0.jar;D:\repository\com\alibaba\toolkit\toolkit-common-collection\1.0\toolkit-common-collection-1.0.jar;D:\repository\com\alibaba\toolkit\toolkit-biz-command\1.0\toolkit-biz-command-1.0.jar;D:\repository\com\alibaba\toolkit\toolkit-service-framework\1.0\toolkit-service-framework-1.0.jar;D:\repository\com\alibaba\toolkit\toolkit-service-template\1.0\toolkit-service-template-1.0.jar;D:\repository\com\alibaba\toolkit\toolkit-service-spring\1.0\toolkit-service-spring-1.0.jar;D:\repository\com\alibaba\toolkit\toolkit-service-resource\1.0\toolkit-service-resource-1.0.jar;D:\repository\com\alibaba\toolkit\toolkit-service-uribroker\1.0\toolkit-service-uribroker-1.0.jar;D:\repository\com\alibaba\toolkit\toolkit-service-velocity\1.5\toolkit-service-velocity-1.5.jar;D:\repository\com\alibaba\toolkit\toolkit-service-naming\1.0\toolkit-service-naming-1.0.jar;D:\repository\com\alibaba\toolkit\toolkit-service-pool\1.0\toolkit-service-pool-1.0.jar;D:\repository\com\alibaba\toolkit\toolkit-service-threadcontext\1.0\toolkit-service-threadcontext-1.0.jar;D:\repository\com\alibaba\toolkit\toolkit-service-pull\1.0\toolkit-service-pull-1.0.jar;D:\repository\com\alibaba\toolkit\toolkit-common-convert\1.0\toolkit-common-convert-1.0.jar;D:\repository\com\alibaba\toolkit\toolkit-common-expression\1.0\toolkit-common-expression-1.0.jar;D:\repository\com\alibaba\toolkit\toolkit-service-rundata\1.0\toolkit-service-rundata-1.0.jar;D:\repository\com\alibaba\toolkit\toolkit-webx-request\2.0\toolkit-webx-request-2.0.jar;D:\repository\com\alibaba\toolkit\toolkit-webx-turbine\2.0\toolkit-webx-turbine-2.0.jar;D:\repository\com\alibaba\toolkit\toolkit-webx-framework\2.0\toolkit-webx-framework-2.0.jar;D:\repository\com\alibaba\toolkit\toolkit-webx-filter\2.0\toolkit-webx-filter-2.0.jar;D:\repository\com\alibaba\toolkit\toolkit-service-pipeline\1.0\toolkit-service-pipeline-1.0.jar;D:\repository\com\alibaba\toolkit\toolkit-service-form\1.0\toolkit-service-form-1.0.jar;D:\repository\com\alibaba\toolkit\toolkit-service-freemarker\1.0\toolkit-service-freemarker-1.0.jar;D:\repository\com\alibaba\toolkit\toolkit-service-jsp\1.0\toolkit-service-jsp-1.0.jar;D:\repository\com\alibaba\toolkit\toolkit-service-upload\1.0\toolkit-service-upload-1.0.jar;D:\repository\commons-lang\commons-lang\2.4\commons-lang-2.4.jar;D:\repository\commons-logging\commons-logging\1.1\commons-logging-1.1.jar;D:\repository\log4j\log4j\1.2.14\log4j-1.2.14.jar;D:\repository\logkit\logkit\1.0.1\logkit-1.0.1.jar;D:\repository\avalon-framework\avalon-framework\4.1.3\avalon-framework-4.1.3.jar;D:\repository\javax\servlet\servlet-api\2.3\servlet-api-2.3.jar;D:\repository\commons-codec\commons-codec\1.3\commons-codec-1.3.jar;D:\repository\commons-httpclient\commons-httpclient\3.1\commons-httpclient-3.1.jar;D:\repository\commons-io\commons-io\1.3.2\commons-io-1.3.2.jar;D:\repository\commons-dbcp\commons-dbcp\1.2\commons-dbcp-1.2.jar;D:\repository\commons-collections\commons-collections\3.1\commons-collections-3.1.jar;D:\repository\commons-pool\commons-pool\1.2\commons-pool-1.2.jar;D:\repository\xml-apis\xml-apis\1.0.b2\xml-apis-1.0.b2.jar;D:\repository\xerces\xercesImpl\2.0.2\xercesImpl-2.0.2.jar;D:\repository\commons-configuration\commons-configuration\1.5\commons-configuration-1.5.jar;D:\repository\commons-digester\commons-digester\1.8\commons-digester-1.8.jar;D:\repository\commons-beanutils\commons-beanutils\1.7.0\commons-beanutils-1.7.0.jar;D:\repository\commons-beanutils\commons-beanutils-core\1.7.0\commons-beanutils-core-1.7.0.jar;D:\repository\commons-jelly\commons-jelly\1.0-RC1\commons-jelly-1.0-RC1.jar;D:\repository\commons-cli\commons-cli\1.0\commons-cli-1.0.jar;D:\repository\commons-discovery\commons-discovery\20030211.213356\commons-discovery-20030211.213356.jar;D:\repository\forehead\forehead\1.0-beta-5\forehead-1.0-beta-5.jar;D:\repository\javax\servlet\jstl\1.0.6\jstl-1.0.6.jar;D:\repository\commons-jexl\commons-jexl\1.0\commons-jexl-1.0.jar;D:\repository\ecs\ecs\1.4.2\ecs-1.4.2.jar;D:\repository\commons-fileupload\commons-fileupload\1.2.1\commons-fileupload-1.2.1.jar;D:\repository\org\springframework\spring\2.0.7\spring-2.0.7.jar;D:\repository\net\sf\json-lib\json-lib\2.2.3\json-lib-2.2.3.jar;D:\repository\net\sf\ezmorph\ezmorph\1.0.6\ezmorph-1.0.6.jar;D:\repository\cglib\cglib-nodep\2.2\cglib-nodep-2.2.jar;D:\repository\jdom\jdom\1.0\jdom-1.0.jar;D:\repository\dom4j\dom4j\1.6.1\dom4j-1.6.1.jar;D:\repository\org\freemarker\freemarker\2.3.14\freemarker-2.3.14.jar;D:\repository\mysql\mysql-connector-java\5.1.6\mysql-connector-java-5.1.6.jar;D:\repository\org\apache\velocity\velocity\1.6.4\velocity-1.6.4.jar;D:\repository\oro\oro\2.0.8\oro-2.0.8.jar;D:\repository\org\apache\velocity\velocity-tools\1.4\velocity-tools-1.4.jar;D:\repository\commons-chain\commons-chain\1.1\commons-chain-1.1.jar;D:\repository\commons-validator\commons-validator\1.3.1\commons-validator-1.3.1.jar;D:\repository\sslext\sslext\1.2-0\sslext-1.2-0.jar;D:\repository\org\apache\struts\struts-core\1.3.8\struts-core-1.3.8.jar;D:\repository\antlr\antlr\2.7.2\antlr-2.7.2.jar;D:\repository\org\apache\struts\struts-taglib\1.3.8\struts-taglib-1.3.8.jar;D:\repository\org\apache\struts\struts-tiles\1.3.8\struts-tiles-1.3.8.jar;D:\repository\com\taobao\tair\tair-client\2.3.4.24\tair-client-2.3.4.24.jar;D:\repository\org\apache\mina\mina-core\1.1.5\mina-core-1.1.5.jar;D:\repository\org\slf4j\slf4j-api\1.5.6\slf4j-api-1.5.6.jar;D:\repository\org\slf4j\slf4j-log4j12\1.4.3\slf4j-log4j12-1.4.3.jar;D:\repository\com\taobao\common\monitor\common-monitor\1.0.3\common-monitor-1.0.3.jar;D:\repository\com\taobao\common\smonitor\smonitor\1.0.7.2\smonitor-1.0.7.2.jar;D:\repository\com\taobao\diamond\diamond-client\3.0.4\diamond-client-3.0.4.jar;D:\repository\com\taobao\diamond\diamond-utils\3.0.0\diamond-utils-3.0.0.jar;D:\repository\com\alibaba\toolkit\common\lang\lang\1.0\lang-1.0.jar;D:\repository\com\google\protobuf\protobuf-java\2.3.0\protobuf-java-2.3.0.jar;D:\repository\net\sf\ehcache\ehcache-core\2.5.1\ehcache-core-2.5.1.jar;D:\repository\org\xerial\snappy\snappy-java\1.0.4\snappy-java-1.0.4.jar;D:\repository\org\apache\commons\commons-compress\1.3\commons-compress-1.3.jar;D:\repository\com\taobao\tair\tair-mc-client\1.0.4.9\tair-mc-client-1.0.4.9.jar;D:\repository\net\sf\json-lib\json-lib\2.4\json-lib-2.4-jdk15.jar;D:\repository\com\taobao\diamond\group\diamond-group-client\1.0.1.3\diamond-group-client-1.0.1.3.jar;D:\repository\com\taobao\hsf\hsfunit\1.0.4-SNAPSHOT\hsfunit-1.0.4-SNAPSHOT.jar;D:\repository\com\taobao\itemcenter\itemcenter-client\1.14.10.1\itemcenter-client-1.14.10.1.jar;D:\repository\com\taobao\itemcenter\itemcenter-common\1.14.10.1\itemcenter-common-1.14.10.1.jar;D:\repository\com\alibaba\toolkit\common\logging\logging\1.0\logging-1.0.jar;D:\repository\com\taobao\util\util\1.0\util-1.0.jar;D:\repository\com\taobao\common\dao\common-dao\1.0.1\common-dao-1.0.1.jar;D:\repository\com\taobao\common\uic\uic-common\common-uic-common\3.1.3.4\common-uic-common-3.1.3.4.jar;D:\repository\com\taobao\configserver\config-client\1.3.2\config-client-1.3.2.jar;D:\repository\com\taobao\configserver\config-common\1.3.1\config-common-1.3.1.jar;D:\repository\com\taobao\remoting\network.core\1.1.1\network.core-1.1.1.jar;D:\repository\hessian\hessian\3.0.13\hessian-3.0.13.jar;D:\repository\com\taobao\logstat\logstat-client\1.0.2\logstat-client-1.0.2.jar;D:\repository\com\taobao\logstat\logstat-common\1.0.1\logstat-common-1.0.1.jar;D:\repository\com\taobao\common\tair\common-tair\2.2.4.6\common-tair-2.2.4.6.jar;D:\repository\com\taobao\messenger\messenger-common\1.1.6\messenger-common-1.1.6.jar;D:\repository\com\taobao\common\uic\uic-alarm\common-uic-alarm\1.0.0\common-uic-alarm-1.0.0.jar;D:\repository\com\taobao\common\uic\uic-localcache\common-uic-localcache\1.0.0\common-uic-localcache-1.0.0.jar;D:\repository\com\taobao\common\uic\uic-security\common-uic-security\1.0.2\common-uic-security-1.0.2.jar;D:\repository\com\taobao\common\searchengine\common-searchengine\3.1.0\common-searchengine-3.1.0.jar;D:\repository\com\taobao\common\nbeanutils\common-nbeanutils\1.0\common-nbeanutils-1.0.jar;D:\repository\com\google\guava\guava\r06\guava-r06.jar;D:\repository\com\taobao\forest\forest-domain\2.4.3.3\forest-domain-2.4.3.3.jar;D:\repository\com\taobao\common\tfs\tfs-client-restful\1.1.3\tfs-client-restful-1.1.3.jar;D:\repository\org\apache\httpcomponents\httpclient\4.1.3\httpclient-4.1.3.jar;D:\repository\org\apache\httpcomponents\httpcore\4.1.4\httpcore-4.1.4.jar;D:\repository\org\json\json\20090211\json-20090211.jar;D:\repository\com\taobao\tagcenter\tagcenter-common\1.2.3\tagcenter-common-1.2.3.jar;D:\repository\org\apache\asyncweb\asyncweb-client\1.0.0-SNAPSHOT\asyncweb-client-1.0.0-SNAPSHOT.jar;D:\repository\org\apache\mina\mina-filter-ssl\1.1.7\mina-filter-ssl-1.1.7.jar;D:\repository\com\taobao\tsp\framework\tsp-framework-utils-async-http\1.0.4\tsp-framework-utils-async-http-1.0.4.jar;D:\repository\com\taobao\tsp\framework\tsp-framework-core\1.0.4\tsp-framework-core-1.0.4.jar;D:\repository\org\slf4j\jcl-over-slf4j\1.5.6\jcl-over-slf4j-1.5.6.jar;D:\repository\com\ning\compress-lzf\0.6.0\compress-lzf-0.6.0.jar;D:\repository\com\taobao\vsearch\vsearch-client\1.3.19\vsearch-client-1.3.19.jar;D:\repository\xalan\xalan\2.7.1\xalan-2.7.1.jar;D:\repository\xalan\serializer\2.7.1\serializer-2.7.1.jar;D:\repository\org\codehaus\woodstox\wstx-asl\3.2.7\wstx-asl-3.2.7.jar;D:\repository\org\apache\geronimo\specs\geronimo-stax-api_1.0_spec\1.0.1\geronimo-stax-api_1.0_spec-1.0.1.jar;D:\repository\org\apache\lucene\lucene-core\3.0.2\lucene-core-3.0.2.jar;D:\repository\com\taobao\vcar\vcar-bulldozer\1.1.14\vcar-bulldozer-1.1.14.jar;D:\repository\com\taobao\vsearch\vsearch-zk\3.2.1.17\vsearch-zk-3.2.1.17.jar;D:\repository\com\sun\jdmk\jmxtools\1.2.1\jmxtools-1.2.1.jar;D:\repository\org\jboss\netty\netty\3.2.1.Final\netty-3.2.1.Final.jar;D:\repository\fast-md5\fast-md5\2.5\fast-md5-2.5.jar;D:\repository\com\google\code\findbugs\jsr305\1.3.9\jsr305-1.3.9.jar;D:\repository\com\taobao\common\catserver\catserver-client\2.1.0\catserver-client-2.1.0.jar;D:\repository\com\taobao\common\catserver\catserver-common\2.1.0\catserver-common-2.1.0.jar;D:\repository\com\taobao\common\imagecolor\common-imagecolor\1.0\common-imagecolor-1.0.jar;D:\repository\jmagick\jmagick\6.2.4\jmagick-6.2.4.jar;D:\repository\com\taobao\hsf\hsf.notify.spring\1.4.7.8\hsf.notify.spring-1.4.7.8.jar;D:\repository\com\taobao\eagleeye\eagleeye-core\1.1.4\eagleeye-core-1.1.4.jar;"/>
    <property name="java.specification.name" value="Java Platform API Specification"/>
    <property name="java.class.version" value="50.0"/>
    <property name="sun.management.compiler" value="HotSpot 64-Bit Tiered Compilers"/>
    <property name="os.version" value="6.1"/>
    <property name="user.home" value="C:\Users\wb-yangpingzhun"/>
    <property name="user.timezone" value=""/>
    <property name="java.awt.printerjob" value="sun.awt.windows.WPrinterJob"/>
    <property name="java.specification.version" value="1.6"/>
    <property name="file.encoding" value="GBK"/>
    <property name="user.name" value="wb-yangpingzhun"/>
    <property name="java.class.path" value="D:\projectes\mywebx\webxtest\target\test-classes;D:\projectes\mywebx\webxtest\target\classes;D:\repository\junit\junit\3.8.1\junit-3.8.1.jar;D:\repository\jetty\jetty\6.0.2\jetty-6.0.2.jar;D:\repository\jetty\jetty-util\6.0.2\jetty-util-6.0.2.jar;D:\repository\jetty\servlet-api\2.5-6.0.2\servlet-api-2.5-6.0.2.jar;D:\repository\com\alibaba\toolkit\toolkit-common-property\1.0\toolkit-common-property-1.0.jar;D:\repository\com\alibaba\toolkit\toolkit-common-regexp\1.0\toolkit-common-regexp-1.0.jar;D:\repository\com\alibaba\toolkit\toolkit-common-resourcebundle\1.0\toolkit-common-resourcebundle-1.0.jar;D:\repository\com\alibaba\toolkit\toolkit-service-dsa\1.0\toolkit-service-dsa-1.0.jar;D:\repository\com\alibaba\toolkit\toolkit-service-factory\1.0\toolkit-service-factory-1.0.jar;D:\repository\com\alibaba\toolkit\toolkit-service-localization\1.0\toolkit-service-localization-1.0.jar;D:\repository\com\alibaba\toolkit\toolkit-service-mail\1.0\toolkit-service-mail-1.0.jar;D:\repository\com\alibaba\toolkit\toolkit-service-mimetype\1.0\toolkit-service-mimetype-1.0.jar;D:\repository\com\alibaba\toolkit\toolkit-webx-turbine-tld\2.0\toolkit-webx-turbine-tld-2.0.jar;D:\repository\com\alibaba\toolkit\toolkit-common-lang\1.0\toolkit-common-lang-1.0.jar;D:\repository\com\alibaba\toolkit\toolkit-common-logging\1.0\toolkit-common-logging-1.0.jar;D:\repository\com\alibaba\toolkit\toolkit-common-configuration\1.0\toolkit-common-configuration-1.0.jar;D:\repository\com\alibaba\toolkit\toolkit-common-collection\1.0\toolkit-common-collection-1.0.jar;D:\repository\com\alibaba\toolkit\toolkit-biz-command\1.0\toolkit-biz-command-1.0.jar;D:\repository\com\alibaba\toolkit\toolkit-service-framework\1.0\toolkit-service-framework-1.0.jar;D:\repository\com\alibaba\toolkit\toolkit-service-template\1.0\toolkit-service-template-1.0.jar;D:\repository\com\alibaba\toolkit\toolkit-service-spring\1.0\toolkit-service-spring-1.0.jar;D:\repository\com\alibaba\toolkit\toolkit-service-resource\1.0\toolkit-service-resource-1.0.jar;D:\repository\com\alibaba\toolkit\toolkit-service-uribroker\1.0\toolkit-service-uribroker-1.0.jar;D:\repository\com\alibaba\toolkit\toolkit-service-velocity\1.5\toolkit-service-velocity-1.5.jar;D:\repository\com\alibaba\toolkit\toolkit-service-naming\1.0\toolkit-service-naming-1.0.jar;D:\repository\com\alibaba\toolkit\toolkit-service-pool\1.0\toolkit-service-pool-1.0.jar;D:\repository\com\alibaba\toolkit\toolkit-service-threadcontext\1.0\toolkit-service-threadcontext-1.0.jar;D:\repository\com\alibaba\toolkit\toolkit-service-pull\1.0\toolkit-service-pull-1.0.jar;D:\repository\com\alibaba\toolkit\toolkit-common-convert\1.0\toolkit-common-convert-1.0.jar;D:\repository\com\alibaba\toolkit\toolkit-common-expression\1.0\toolkit-common-expression-1.0.jar;D:\repository\com\alibaba\toolkit\toolkit-service-rundata\1.0\toolkit-service-rundata-1.0.jar;D:\repository\com\alibaba\toolkit\toolkit-webx-request\2.0\toolkit-webx-request-2.0.jar;D:\repository\com\alibaba\toolkit\toolkit-webx-turbine\2.0\toolkit-webx-turbine-2.0.jar;D:\repository\com\alibaba\toolkit\toolkit-webx-framework\2.0\toolkit-webx-framework-2.0.jar;D:\repository\com\alibaba\toolkit\toolkit-webx-filter\2.0\toolkit-webx-filter-2.0.jar;D:\repository\com\alibaba\toolkit\toolkit-service-pipeline\1.0\toolkit-service-pipeline-1.0.jar;D:\repository\com\alibaba\toolkit\toolkit-service-form\1.0\toolkit-service-form-1.0.jar;D:\repository\com\alibaba\toolkit\toolkit-service-freemarker\1.0\toolkit-service-freemarker-1.0.jar;D:\repository\com\alibaba\toolkit\toolkit-service-jsp\1.0\toolkit-service-jsp-1.0.jar;D:\repository\com\alibaba\toolkit\toolkit-service-upload\1.0\toolkit-service-upload-1.0.jar;D:\repository\commons-lang\commons-lang\2.4\commons-lang-2.4.jar;D:\repository\commons-logging\commons-logging\1.1\commons-logging-1.1.jar;D:\repository\log4j\log4j\1.2.14\log4j-1.2.14.jar;D:\repository\logkit\logkit\1.0.1\logkit-1.0.1.jar;D:\repository\avalon-framework\avalon-framework\4.1.3\avalon-framework-4.1.3.jar;D:\repository\javax\servlet\servlet-api\2.3\servlet-api-2.3.jar;D:\repository\commons-codec\commons-codec\1.3\commons-codec-1.3.jar;D:\repository\commons-httpclient\commons-httpclient\3.1\commons-httpclient-3.1.jar;D:\repository\commons-io\commons-io\1.3.2\commons-io-1.3.2.jar;D:\repository\commons-dbcp\commons-dbcp\1.2\commons-dbcp-1.2.jar;D:\repository\commons-collections\commons-collections\3.1\commons-collections-3.1.jar;D:\repository\commons-pool\commons-pool\1.2\commons-pool-1.2.jar;D:\repository\xml-apis\xml-apis\1.0.b2\xml-apis-1.0.b2.jar;D:\repository\xerces\xercesImpl\2.0.2\xercesImpl-2.0.2.jar;D:\repository\commons-configuration\commons-configuration\1.5\commons-configuration-1.5.jar;D:\repository\commons-digester\commons-digester\1.8\commons-digester-1.8.jar;D:\repository\commons-beanutils\commons-beanutils\1.7.0\commons-beanutils-1.7.0.jar;D:\repository\commons-beanutils\commons-beanutils-core\1.7.0\commons-beanutils-core-1.7.0.jar;D:\repository\commons-jelly\commons-jelly\1.0-RC1\commons-jelly-1.0-RC1.jar;D:\repository\commons-cli\commons-cli\1.0\commons-cli-1.0.jar;D:\repository\commons-discovery\commons-discovery\20030211.213356\commons-discovery-20030211.213356.jar;D:\repository\forehead\forehead\1.0-beta-5\forehead-1.0-beta-5.jar;D:\repository\javax\servlet\jstl\1.0.6\jstl-1.0.6.jar;D:\repository\commons-jexl\commons-jexl\1.0\commons-jexl-1.0.jar;D:\repository\ecs\ecs\1.4.2\ecs-1.4.2.jar;D:\repository\commons-fileupload\commons-fileupload\1.2.1\commons-fileupload-1.2.1.jar;D:\repository\org\springframework\spring\2.0.7\spring-2.0.7.jar;D:\repository\net\sf\json-lib\json-lib\2.2.3\json-lib-2.2.3.jar;D:\repository\net\sf\ezmorph\ezmorph\1.0.6\ezmorph-1.0.6.jar;D:\repository\cglib\cglib-nodep\2.2\cglib-nodep-2.2.jar;D:\repository\jdom\jdom\1.0\jdom-1.0.jar;D:\repository\dom4j\dom4j\1.6.1\dom4j-1.6.1.jar;D:\repository\org\freemarker\freemarker\2.3.14\freemarker-2.3.14.jar;D:\repository\mysql\mysql-connector-java\5.1.6\mysql-connector-java-5.1.6.jar;D:\repository\org\apache\velocity\velocity\1.6.4\velocity-1.6.4.jar;D:\repository\oro\oro\2.0.8\oro-2.0.8.jar;D:\repository\org\apache\velocity\velocity-tools\1.4\velocity-tools-1.4.jar;D:\repository\commons-chain\commons-chain\1.1\commons-chain-1.1.jar;D:\repository\commons-validator\commons-validator\1.3.1\commons-validator-1.3.1.jar;D:\repository\sslext\sslext\1.2-0\sslext-1.2-0.jar;D:\repository\org\apache\struts\struts-core\1.3.8\struts-core-1.3.8.jar;D:\repository\antlr\antlr\2.7.2\antlr-2.7.2.jar;D:\repository\org\apache\struts\struts-taglib\1.3.8\struts-taglib-1.3.8.jar;D:\repository\org\apache\struts\struts-tiles\1.3.8\struts-tiles-1.3.8.jar;D:\repository\com\taobao\tair\tair-client\2.3.4.24\tair-client-2.3.4.24.jar;D:\repository\org\apache\mina\mina-core\1.1.5\mina-core-1.1.5.jar;D:\repository\org\slf4j\slf4j-api\1.5.6\slf4j-api-1.5.6.jar;D:\repository\org\slf4j\slf4j-log4j12\1.4.3\slf4j-log4j12-1.4.3.jar;D:\repository\com\taobao\common\monitor\common-monitor\1.0.3\common-monitor-1.0.3.jar;D:\repository\com\taobao\common\smonitor\smonitor\1.0.7.2\smonitor-1.0.7.2.jar;D:\repository\com\taobao\diamond\diamond-client\3.0.4\diamond-client-3.0.4.jar;D:\repository\com\taobao\diamond\diamond-utils\3.0.0\diamond-utils-3.0.0.jar;D:\repository\com\alibaba\toolkit\common\lang\lang\1.0\lang-1.0.jar;D:\repository\com\google\protobuf\protobuf-java\2.3.0\protobuf-java-2.3.0.jar;D:\repository\net\sf\ehcache\ehcache-core\2.5.1\ehcache-core-2.5.1.jar;D:\repository\org\xerial\snappy\snappy-java\1.0.4\snappy-java-1.0.4.jar;D:\repository\org\apache\commons\commons-compress\1.3\commons-compress-1.3.jar;D:\repository\com\taobao\tair\tair-mc-client\1.0.4.9\tair-mc-client-1.0.4.9.jar;D:\repository\net\sf\json-lib\json-lib\2.4\json-lib-2.4-jdk15.jar;D:\repository\com\taobao\diamond\group\diamond-group-client\1.0.1.3\diamond-group-client-1.0.1.3.jar;D:\repository\com\taobao\hsf\hsfunit\1.0.4-SNAPSHOT\hsfunit-1.0.4-SNAPSHOT.jar;D:\repository\com\taobao\itemcenter\itemcenter-client\1.14.10.1\itemcenter-client-1.14.10.1.jar;D:\repository\com\taobao\itemcenter\itemcenter-common\1.14.10.1\itemcenter-common-1.14.10.1.jar;D:\repository\com\alibaba\toolkit\common\logging\logging\1.0\logging-1.0.jar;D:\repository\com\taobao\util\util\1.0\util-1.0.jar;D:\repository\com\taobao\common\dao\common-dao\1.0.1\common-dao-1.0.1.jar;D:\repository\com\taobao\common\uic\uic-common\common-uic-common\3.1.3.4\common-uic-common-3.1.3.4.jar;D:\repository\com\taobao\configserver\config-client\1.3.2\config-client-1.3.2.jar;D:\repository\com\taobao\configserver\config-common\1.3.1\config-common-1.3.1.jar;D:\repository\com\taobao\remoting\network.core\1.1.1\network.core-1.1.1.jar;D:\repository\hessian\hessian\3.0.13\hessian-3.0.13.jar;D:\repository\com\taobao\logstat\logstat-client\1.0.2\logstat-client-1.0.2.jar;D:\repository\com\taobao\logstat\logstat-common\1.0.1\logstat-common-1.0.1.jar;D:\repository\com\taobao\common\tair\common-tair\2.2.4.6\common-tair-2.2.4.6.jar;D:\repository\com\taobao\messenger\messenger-common\1.1.6\messenger-common-1.1.6.jar;D:\repository\com\taobao\common\uic\uic-alarm\common-uic-alarm\1.0.0\common-uic-alarm-1.0.0.jar;D:\repository\com\taobao\common\uic\uic-localcache\common-uic-localcache\1.0.0\common-uic-localcache-1.0.0.jar;D:\repository\com\taobao\common\uic\uic-security\common-uic-security\1.0.2\common-uic-security-1.0.2.jar;D:\repository\com\taobao\common\searchengine\common-searchengine\3.1.0\common-searchengine-3.1.0.jar;D:\repository\com\taobao\common\nbeanutils\common-nbeanutils\1.0\common-nbeanutils-1.0.jar;D:\repository\com\google\guava\guava\r06\guava-r06.jar;D:\repository\com\taobao\forest\forest-domain\2.4.3.3\forest-domain-2.4.3.3.jar;D:\repository\com\taobao\common\tfs\tfs-client-restful\1.1.3\tfs-client-restful-1.1.3.jar;D:\repository\org\apache\httpcomponents\httpclient\4.1.3\httpclient-4.1.3.jar;D:\repository\org\apache\httpcomponents\httpcore\4.1.4\httpcore-4.1.4.jar;D:\repository\org\json\json\20090211\json-20090211.jar;D:\repository\com\taobao\tagcenter\tagcenter-common\1.2.3\tagcenter-common-1.2.3.jar;D:\repository\org\apache\asyncweb\asyncweb-client\1.0.0-SNAPSHOT\asyncweb-client-1.0.0-SNAPSHOT.jar;D:\repository\org\apache\mina\mina-filter-ssl\1.1.7\mina-filter-ssl-1.1.7.jar;D:\repository\com\taobao\tsp\framework\tsp-framework-utils-async-http\1.0.4\tsp-framework-utils-async-http-1.0.4.jar;D:\repository\com\taobao\tsp\framework\tsp-framework-core\1.0.4\tsp-framework-core-1.0.4.jar;D:\repository\org\slf4j\jcl-over-slf4j\1.5.6\jcl-over-slf4j-1.5.6.jar;D:\repository\com\ning\compress-lzf\0.6.0\compress-lzf-0.6.0.jar;D:\repository\com\taobao\vsearch\vsearch-client\1.3.19\vsearch-client-1.3.19.jar;D:\repository\xalan\xalan\2.7.1\xalan-2.7.1.jar;D:\repository\xalan\serializer\2.7.1\serializer-2.7.1.jar;D:\repository\org\codehaus\woodstox\wstx-asl\3.2.7\wstx-asl-3.2.7.jar;D:\repository\org\apache\geronimo\specs\geronimo-stax-api_1.0_spec\1.0.1\geronimo-stax-api_1.0_spec-1.0.1.jar;D:\repository\org\apache\lucene\lucene-core\3.0.2\lucene-core-3.0.2.jar;D:\repository\com\taobao\vcar\vcar-bulldozer\1.1.14\vcar-bulldozer-1.1.14.jar;D:\repository\com\taobao\vsearch\vsearch-zk\3.2.1.17\vsearch-zk-3.2.1.17.jar;D:\repository\com\sun\jdmk\jmxtools\1.2.1\jmxtools-1.2.1.jar;D:\repository\org\jboss\netty\netty\3.2.1.Final\netty-3.2.1.Final.jar;D:\repository\fast-md5\fast-md5\2.5\fast-md5-2.5.jar;D:\repository\com\google\code\findbugs\jsr305\1.3.9\jsr305-1.3.9.jar;D:\repository\com\taobao\common\catserver\catserver-client\2.1.0\catserver-client-2.1.0.jar;D:\repository\com\taobao\common\catserver\catserver-common\2.1.0\catserver-common-2.1.0.jar;D:\repository\com\taobao\common\imagecolor\common-imagecolor\1.0\common-imagecolor-1.0.jar;D:\repository\jmagick\jmagick\6.2.4\jmagick-6.2.4.jar;D:\repository\com\taobao\hsf\hsf.notify.spring\1.4.7.8\hsf.notify.spring-1.4.7.8.jar;D:\repository\com\taobao\eagleeye\eagleeye-core\1.1.4\eagleeye-core-1.1.4.jar;"/>
    <property name="java.vm.specification.version" value="1.0"/>
    <property name="sun.arch.data.model" value="64"/>
    <property name="java.home" value="C:\Program Files\Java\jdk1.6.0_45\jre"/>
    <property name="sun.java.command" value="C:\Users\WB-YAN~1\AppData\Local\Temp\surefirebooter7410675272978777061.jar C:\Users\WB-YAN~1\AppData\Local\Temp\surefire6282710753402036856tmp C:\Users\WB-YAN~1\AppData\Local\Temp\surefire3627602757478959675tmp"/>
    <property name="java.specification.vendor" value="Sun Microsystems Inc."/>
    <property name="user.language" value="zh"/>
    <property name="awt.toolkit" value="sun.awt.windows.WToolkit"/>
    <property name="java.vm.info" value="mixed mode"/>
    <property name="java.version" value="1.6.0_45"/>
    <property name="java.ext.dirs" value="C:\Program Files\Java\jdk1.6.0_45\jre\lib\ext;C:\Windows\Sun\Java\lib\ext"/>
    <property name="sun.boot.class.path" value="C:\Program Files\Java\jdk1.6.0_45\jre\lib\resources.jar;C:\Program Files\Java\jdk1.6.0_45\jre\lib\rt.jar;C:\Program Files\Java\jdk1.6.0_45\jre\lib\sunrsasign.jar;C:\Program Files\Java\jdk1.6.0_45\jre\lib\jsse.jar;C:\Program Files\Java\jdk1.6.0_45\jre\lib\jce.jar;C:\Program Files\Java\jdk1.6.0_45\jre\lib\charsets.jar;C:\Program Files\Java\jdk1.6.0_45\jre\lib\modules\jdk.boot.jar;C:\Program Files\Java\jdk1.6.0_45\jre\classes"/>
    <property name="java.vendor" value="Sun Microsystems Inc."/>
    <property name="localRepository" value="D:/repository"/>
    <property name="file.separator" value="\"/>
    <property name="java.vendor.url.bug" value="http://java.sun.com/cgi-bin/bugreport.cgi"/>
    <property name="sun.cpu.endian" value="little"/>
    <property name="sun.io.unicode.encoding" value="UnicodeLittle"/>
    <property name="sun.desktop" value="windows"/>
    <property name="sun.cpu.isalist" value="amd64"/>
  </properties>
</testsuite>